#
# A fatal error has been detected by the Java Runtime Environment:
#
#  EXCEPTION_ACCESS_VIOLATION (0xc0000005) at pc=0x00007ffe3d3213f3, pid=49580, tid=49888
#
# JRE version:  (15.0.2+7) (build )
# Java VM: OpenJDK 64-Bit Server VM (15.0.2+7-27, mixed mode, tiered, compressed oops, g1 gc, windows-amd64)
# Problematic frame:
# V  [jvm.dll+0x3513f3]
#
# No core dump will be written. Minidumps are not enabled by default on client versions of Windows
#
#

---------------  S U M M A R Y ------------

Command Line: -XX:+ShowCodeDetailsInExceptionMessages Quiz1.Main

Host: Intel(R) Core(TM) i5-8600 CPU @ 3.10GHz, 6 cores, 15G,  Windows 10 , 64 bit Build 19041 (10.0.19041.1023)
Time: Sat Jul 31 22:23:06 2021 대한민국 표준시 elapsed time: 1.945763 seconds (0d 0h 0m 1s)

---------------  T H R E A D  ---------------

Current thread (0x0000026f593b9a10):  JavaThread "Unknown thread" [_thread_in_vm, id=49888, stack(0x000000fb81b00000,0x000000fb81c00000)]

Stack: [0x000000fb81b00000,0x000000fb81c00000],  sp=0x000000fb81bff4a0,  free space=1021k
Native frames: (J=compiled Java code, j=interpreted, Vv=VM code, C=native code)
V  [jvm.dll+0x3513f3]
V  [jvm.dll+0x62adc2]
V  [jvm.dll+0x3510be]
V  [jvm.dll+0x33a3b7]
V  [jvm.dll+0x339e18]
V  [jvm.dll+0x740994]
V  [jvm.dll+0x73eaba]
V  [jvm.dll+0x3b7557]
