#
# There is insufficient memory for the Java Runtime Environment to continue.
# Native memory allocation (malloc) failed to allocate 159376 bytes for Chunk::new
# Possible reasons:
#   The system is out of physical RAM or swap space
#   The process is running with CompressedOops enabled, and the Java Heap may be blocking the growth of the native heap
# Possible solutions:
#   Reduce memory load on the system
#   Increase physical memory or swap space
#   Check if swap backing store is full
#   Decrease Java heap size (-Xmx/-Xms)
#   Decrease number of Java threads
#   Decrease Java thread stack sizes (-Xss)
#   Set larger code cache with -XX:ReservedCodeCacheSize=
#   JVM is running with Zero Based Compressed Oops mode in which the Java heap is
#     placed in the first 32GB address space. The Java Heap base address is the
#     maximum limit for the native heap growth. Please use -XX:HeapBaseMinAddress
#     to set the Java Heap base and to place the Java Heap above 32GB virtual address.
# This output file may be truncated or incomplete.
#
#  Out of Memory Error (./open/src/hotspot/share/memory/arena.cpp:195), pid=47196, tid=49172
#
# JRE version: OpenJDK Runtime Environment (15.0.2+7) (build 15.0.2+7-27)
# Java VM: OpenJDK 64-Bit Server VM (15.0.2+7-27, mixed mode, tiered, compressed oops, g1 gc, windows-amd64)
# No core dump will be written. Minidumps are not enabled by default on client versions of Windows
#

---------------  S U M M A R Y ------------

Command Line: -XX:+ShowCodeDetailsInExceptionMessages -agentlib:jdwp=transport=dt_socket,suspend=y,address=localhost:2676 -javaagent:C:\Users\웱\Desktop\첔좣 첇콜쟙쫔\eclipse\configuration\org.eclipse.osgi\222\0\.cp\lib\javaagent-shaded.jar -Dfile.encoding=MS949 Quiz1.Main

Host: Intel(R) Core(TM) i5-8600 CPU @ 3.10GHz, 6 cores, 15G,  Windows 10 , 64 bit Build 19041 (10.0.19041.1023)
Time: Sat Jul 31 22:23:06 2021 얾홏풤 킨촺쫚 elapsed time: 3.534814 seconds (0d 0h 0m 3s)

---------------  T H R E A D  ---------------

Current thread (0x00000290d20383e0):  JavaThread "C2 CompilerThread0" daemon [_thread_in_native, id=49172, stack(0x000000d4b3300000,0x000000d4b3400000)]


Current CompileTask:
C2:   3534  288       4       java.lang.Integer::parseInt (264 bytes)

Stack: [0x000000d4b3300000,0x000000d4b3400000]
Native frames: (J=compiled Java code, j=interpreted, Vv=VM code, C=native code)
V  [jvm.dll+0x62ae9a]
V  [jvm.dll+0x7817a9]
V  [jvm.dll+0x782f03]
V  [jvm.dll+0x783563]
V  [jvm.dll+0x216325]
V  [jvm.dll+0x97f3a]
V  [jvm.dll+0x9861c]
V  [jvm.dll+0x279f9f]
V  [jvm.dll+0x540794]
V  [jvm.dll+0x1f3124]
V  [jvm.dll+0x1ecaf1]
V  [jvm.dll+0x1e9867]
V  [jvm.dll+0x178567]
V  [jvm.dll+0x1f9225]
V  [jvm.dll+0x1f72cc]
V  [jvm.dll+0x74495d]
V  [jvm.dll+0x73d75a]
V  [jvm.dll+0x629c56]
C  [ucrtbase.dll+0x21bb2]
C  [KERNEL32.DLL+0x17034]
C  [ntdll.dll+0x52651]


---------------  P R O C E S S  ---------------

Threads class SMR info:
_java_thread_list=0x00000290d2336fc0, length=13, elements={
0x00000290b0cc9ba0, 0x00000290d1ffb010, 0x00000290d1ffe140, 0x00000290d20210c0,
0x00000290d2023a90, 0x00000290d2024540, 0x00000290d20383e0, 0x00000290d20a2af0,
0x00000290d20bd1d0, 0x00000290d21ef6b0, 0x00000290d2387d10, 0x00000290d2296ae0,
0x00000290d2296fd0
}
_to_delete_list=0x00000290d23377d0, length=12, elements={
0x00000290b0cc9ba0, 0x00000290d1ffb010, 0x00000290d1ffe140, 0x00000290d20210c0,
0x00000290d2023a90, 0x00000290d2024540, 0x00000290d20383e0, 0x00000290d20a2af0,
0x00000290d20bd1d0, 0x00000290d21ef6b0, 0x00000290d2387d10, 0x00000290d2296ae0
}

Java Threads: ( => current thread )
  0x00000290b0cc9ba0 JavaThread "main" [_thread_in_Java, id=47344, stack(0x000000d4b2700000,0x000000d4b2800000)]
  0x00000290d1ffb010 JavaThread "Reference Handler" daemon [_thread_blocked, id=48700, stack(0x000000d4b2e00000,0x000000d4b2f00000)]
  0x00000290d1ffe140 JavaThread "Finalizer" daemon [_thread_blocked, id=48704, stack(0x000000d4b2f00000,0x000000d4b3000000)]
  0x00000290d20210c0 JavaThread "Signal Dispatcher" daemon [_thread_blocked, id=47052, stack(0x000000d4b3000000,0x000000d4b3100000)]
  0x00000290d2023a90 JavaThread "Attach Listener" daemon [_thread_blocked, id=49164, stack(0x000000d4b3100000,0x000000d4b3200000)]
  0x00000290d2024540 JavaThread "Service Thread" daemon [_thread_blocked, id=49168, stack(0x000000d4b3200000,0x000000d4b3300000)]
=>0x00000290d20383e0 JavaThread "C2 CompilerThread0" daemon [_thread_in_native, id=49172, stack(0x000000d4b3300000,0x000000d4b3400000)]
  0x00000290d20a2af0 JavaThread "C1 CompilerThread0" daemon [_thread_in_native, id=49188, stack(0x000000d4b3400000,0x000000d4b3500000)]
  0x00000290d20bd1d0 JavaThread "Sweeper thread" daemon [_thread_blocked, id=49240, stack(0x000000d4b3500000,0x000000d4b3600000)]
  0x00000290d21ef6b0 JavaThread "Common-Cleaner" daemon [_thread_blocked, id=49828, stack(0x000000d4b3600000,0x000000d4b3700000)]
  0x00000290d2387d10 JavaThread "JDWP Transport Listener: dt_socket" daemon [_thread_blocked, id=50052, stack(0x000000d4b3700000,0x000000d4b3800000)]
  0x00000290d2296ae0 JavaThread "JDWP Event Helper Thread" daemon [_thread_blocked, id=50096, stack(0x000000d4b3800000,0x000000d4b3900000)]
  0x00000290d2296fd0 JavaThread "JDWP Command Reader" daemon [_thread_in_native, id=50100, stack(0x000000d4b3900000,0x000000d4b3a00000)]

Other Threads:
  0x00000290d1fc54e0 VMThread "VM Thread" [stack: 0x000000d4b2d00000,0x000000d4b2e00000] [id=48692]
  0x00000290b0d1ae90 GCTaskThread "GC Thread#0" [stack: 0x000000d4b2800000,0x000000d4b2900000] [id=47584]
  0x00000290b0d27fa0 ConcurrentGCThread "G1 Main Marker" [stack: 0x000000d4b2900000,0x000000d4b2a00000] [id=47588]
  0x00000290b0d28b90 ConcurrentGCThread "G1 Conc#0" [stack: 0x000000d4b2a00000,0x000000d4b2b00000] [id=47596]
  0x00000290b0d95e30 ConcurrentGCThread "G1 Refine#0" [stack: 0x000000d4b2b00000,0x000000d4b2c00000] [id=47928]
  0x00000290b0d96a30 ConcurrentGCThread "G1 Young RemSet Sampling" [stack: 0x000000d4b2c00000,0x000000d4b2d00000] [id=47932]

Threads with active compile tasks:
C2 CompilerThread0     3672  288       4       java.lang.Integer::parseInt (264 bytes)
C1 CompilerThread0     3672  307   !   3       java.lang.StringCoding::decode (362 bytes)

VM state: not at safepoint (normal execution)

VM Mutex/Monitor currently owned by a thread: None

Heap address: 0x0000000700e00000, size: 4082 MB, Compressed Oops mode: Zero based, Oop shift amount: 3
CDS disabled.
Compressed class space mapped at: 0x0000000800000000-0x0000000840000000, size: 1073741824
Narrow klass base: 0x0000000800000000, Narrow klass shift: 0, Narrow klass range: 0x40000000

GC Precious Log:
 CPUs: 6 total, 6 available
 Memory: 16323M
 Large Page Support: Disabled
 NUMA Support: Disabled
 Compressed Oops: Enabled (Zero based)
 Heap Region Size: 2M
 Heap Min Capacity: 8M
 Heap Initial Capacity: 256M
 Heap Max Capacity: 4082M
 Pre-touch: Disabled
 Parallel Workers: 6
 Concurrent Workers: 2
 Concurrent Refinement Workers: 6
 Periodic GC: Disabled

Heap:
 garbage-first heap   total 262144K, used 4096K [0x0000000700e00000, 0x0000000800000000)
  region size 2048K, 3 young (6144K), 0 survivors (0K)
 Metaspace       used 8881K, capacity 8938K, committed 9088K, reserved 1056768K
  class space    used 765K, capacity 782K, committed 896K, reserved 1048576K

Heap Regions: E=young(eden), S=young(survivor), O=old, HS=humongous(starts), HC=humongous(continues), CS=collection set, F=free, OA=open archive, CA=closed archive, TAMS=top-at-mark-start (previous, next)
|   0|0x0000000700e00000, 0x0000000700e00000, 0x0000000701000000|  0%| F|  |TAMS 0x0000000700e00000, 0x0000000700e00000| Untracked 
|   1|0x0000000701000000, 0x0000000701000000, 0x0000000701200000|  0%| F|  |TAMS 0x0000000701000000, 0x0000000701000000| Untracked 
|   2|0x0000000701200000, 0x0000000701200000, 0x0000000701400000|  0%| F|  |TAMS 0x0000000701200000, 0x0000000701200000| Untracked 
|   3|0x0000000701400000, 0x0000000701400000, 0x0000000701600000|  0%| F|  |TAMS 0x0000000701400000, 0x0000000701400000| Untracked 
|   4|0x0000000701600000, 0x0000000701600000, 0x0000000701800000|  0%| F|  |TAMS 0x0000000701600000, 0x0000000701600000| Untracked 
|   5|0x0000000701800000, 0x0000000701800000, 0x0000000701a00000|  0%| F|  |TAMS 0x0000000701800000, 0x0000000701800000| Untracked 
|   6|0x0000000701a00000, 0x0000000701a00000, 0x0000000701c00000|  0%| F|  |TAMS 0x0000000701a00000, 0x0000000701a00000| Untracked 
|   7|0x0000000701c00000, 0x0000000701c00000, 0x0000000701e00000|  0%| F|  |TAMS 0x0000000701c00000, 0x0000000701c00000| Untracked 
|   8|0x0000000701e00000, 0x0000000701e00000, 0x0000000702000000|  0%| F|  |TAMS 0x0000000701e00000, 0x0000000701e00000| Untracked 
|   9|0x0000000702000000, 0x0000000702000000, 0x0000000702200000|  0%| F|  |TAMS 0x0000000702000000, 0x0000000702000000| Untracked 
|  10|0x0000000702200000, 0x0000000702200000, 0x0000000702400000|  0%| F|  |TAMS 0x0000000702200000, 0x0000000702200000| Untracked 
|  11|0x0000000702400000, 0x0000000702400000, 0x0000000702600000|  0%| F|  |TAMS 0x0000000702400000, 0x0000000702400000| Untracked 
|  12|0x0000000702600000, 0x0000000702600000, 0x0000000702800000|  0%| F|  |TAMS 0x0000000702600000, 0x0000000702600000| Untracked 
|  13|0x0000000702800000, 0x0000000702800000, 0x0000000702a00000|  0%| F|  |TAMS 0x0000000702800000, 0x0000000702800000| Untracked 
|  14|0x0000000702a00000, 0x0000000702a00000, 0x0000000702c00000|  0%| F|  |TAMS 0x0000000702a00000, 0x0000000702a00000| Untracked 
|  15|0x0000000702c00000, 0x0000000702c00000, 0x0000000702e00000|  0%| F|  |TAMS 0x0000000702c00000, 0x0000000702c00000| Untracked 
|  16|0x0000000702e00000, 0x0000000702e00000, 0x0000000703000000|  0%| F|  |TAMS 0x0000000702e00000, 0x0000000702e00000| Untracked 
|  17|0x0000000703000000, 0x0000000703000000, 0x0000000703200000|  0%| F|  |TAMS 0x0000000703000000, 0x0000000703000000| Untracked 
|  18|0x0000000703200000, 0x0000000703200000, 0x0000000703400000|  0%| F|  |TAMS 0x0000000703200000, 0x0000000703200000| Untracked 
|  19|0x0000000703400000, 0x0000000703400000, 0x0000000703600000|  0%| F|  |TAMS 0x0000000703400000, 0x0000000703400000| Untracked 
|  20|0x0000000703600000, 0x0000000703600000, 0x0000000703800000|  0%| F|  |TAMS 0x0000000703600000, 0x0000000703600000| Untracked 
|  21|0x0000000703800000, 0x0000000703800000, 0x0000000703a00000|  0%| F|  |TAMS 0x0000000703800000, 0x0000000703800000| Untracked 
|  22|0x0000000703a00000, 0x0000000703a00000, 0x0000000703c00000|  0%| F|  |TAMS 0x0000000703a00000, 0x0000000703a00000| Untracked 
|  23|0x0000000703c00000, 0x0000000703c00000, 0x0000000703e00000|  0%| F|  |TAMS 0x0000000703c00000, 0x0000000703c00000| Untracked 
|  24|0x0000000703e00000, 0x0000000703e00000, 0x0000000704000000|  0%| F|  |TAMS 0x0000000703e00000, 0x0000000703e00000| Untracked 
|  25|0x0000000704000000, 0x0000000704000000, 0x0000000704200000|  0%| F|  |TAMS 0x0000000704000000, 0x0000000704000000| Untracked 
|  26|0x0000000704200000, 0x0000000704200000, 0x0000000704400000|  0%| F|  |TAMS 0x0000000704200000, 0x0000000704200000| Untracked 
|  27|0x0000000704400000, 0x0000000704400000, 0x0000000704600000|  0%| F|  |TAMS 0x0000000704400000, 0x0000000704400000| Untracked 
|  28|0x0000000704600000, 0x0000000704600000, 0x0000000704800000|  0%| F|  |TAMS 0x0000000704600000, 0x0000000704600000| Untracked 
|  29|0x0000000704800000, 0x0000000704800000, 0x0000000704a00000|  0%| F|  |TAMS 0x0000000704800000, 0x0000000704800000| Untracked 
|  30|0x0000000704a00000, 0x0000000704a00000, 0x0000000704c00000|  0%| F|  |TAMS 0x0000000704a00000, 0x0000000704a00000| Untracked 
|  31|0x0000000704c00000, 0x0000000704c00000, 0x0000000704e00000|  0%| F|  |TAMS 0x0000000704c00000, 0x0000000704c00000| Untracked 
|  32|0x0000000704e00000, 0x0000000704e00000, 0x0000000705000000|  0%| F|  |TAMS 0x0000000704e00000, 0x0000000704e00000| Untracked 
|  33|0x0000000705000000, 0x0000000705000000, 0x0000000705200000|  0%| F|  |TAMS 0x0000000705000000, 0x0000000705000000| Untracked 
|  34|0x0000000705200000, 0x0000000705200000, 0x0000000705400000|  0%| F|  |TAMS 0x0000000705200000, 0x0000000705200000| Untracked 
|  35|0x0000000705400000, 0x0000000705400000, 0x0000000705600000|  0%| F|  |TAMS 0x0000000705400000, 0x0000000705400000| Untracked 
|  36|0x0000000705600000, 0x0000000705600000, 0x0000000705800000|  0%| F|  |TAMS 0x0000000705600000, 0x0000000705600000| Untracked 
|  37|0x0000000705800000, 0x0000000705800000, 0x0000000705a00000|  0%| F|  |TAMS 0x0000000705800000, 0x0000000705800000| Untracked 
|  38|0x0000000705a00000, 0x0000000705a00000, 0x0000000705c00000|  0%| F|  |TAMS 0x0000000705a00000, 0x0000000705a00000| Untracked 
|  39|0x0000000705c00000, 0x0000000705c00000, 0x0000000705e00000|  0%| F|  |TAMS 0x0000000705c00000, 0x0000000705c00000| Untracked 
|  40|0x0000000705e00000, 0x0000000705e00000, 0x0000000706000000|  0%| F|  |TAMS 0x0000000705e00000, 0x0000000705e00000| Untracked 
|  41|0x0000000706000000, 0x0000000706000000, 0x0000000706200000|  0%| F|  |TAMS 0x0000000706000000, 0x0000000706000000| Untracked 
|  42|0x0000000706200000, 0x0000000706200000, 0x0000000706400000|  0%| F|  |TAMS 0x0000000706200000, 0x0000000706200000| Untracked 
|  43|0x0000000706400000, 0x0000000706400000, 0x0000000706600000|  0%| F|  |TAMS 0x0000000706400000, 0x0000000706400000| Untracked 
|  44|0x0000000706600000, 0x0000000706600000, 0x0000000706800000|  0%| F|  |TAMS 0x0000000706600000, 0x0000000706600000| Untracked 
|  45|0x0000000706800000, 0x0000000706800000, 0x0000000706a00000|  0%| F|  |TAMS 0x0000000706800000, 0x0000000706800000| Untracked 
|  46|0x0000000706a00000, 0x0000000706a00000, 0x0000000706c00000|  0%| F|  |TAMS 0x0000000706a00000, 0x0000000706a00000| Untracked 
|  47|0x0000000706c00000, 0x0000000706c00000, 0x0000000706e00000|  0%| F|  |TAMS 0x0000000706c00000, 0x0000000706c00000| Untracked 
|  48|0x0000000706e00000, 0x0000000706e00000, 0x0000000707000000|  0%| F|  |TAMS 0x0000000706e00000, 0x0000000706e00000| Untracked 
|  49|0x0000000707000000, 0x0000000707000000, 0x0000000707200000|  0%| F|  |TAMS 0x0000000707000000, 0x0000000707000000| Untracked 
|  50|0x0000000707200000, 0x0000000707200000, 0x0000000707400000|  0%| F|  |TAMS 0x0000000707200000, 0x0000000707200000| Untracked 
|  51|0x0000000707400000, 0x0000000707400000, 0x0000000707600000|  0%| F|  |TAMS 0x0000000707400000, 0x0000000707400000| Untracked 
|  52|0x0000000707600000, 0x0000000707600000, 0x0000000707800000|  0%| F|  |TAMS 0x0000000707600000, 0x0000000707600000| Untracked 
|  53|0x0000000707800000, 0x0000000707800000, 0x0000000707a00000|  0%| F|  |TAMS 0x0000000707800000, 0x0000000707800000| Untracked 
|  54|0x0000000707a00000, 0x0000000707a00000, 0x0000000707c00000|  0%| F|  |TAMS 0x0000000707a00000, 0x0000000707a00000| Untracked 
|  55|0x0000000707c00000, 0x0000000707c00000, 0x0000000707e00000|  0%| F|  |TAMS 0x0000000707c00000, 0x0000000707c00000| Untracked 
|  56|0x0000000707e00000, 0x0000000707e00000, 0x0000000708000000|  0%| F|  |TAMS 0x0000000707e00000, 0x0000000707e00000| Untracked 
|  57|0x0000000708000000, 0x0000000708000000, 0x0000000708200000|  0%| F|  |TAMS 0x0000000708000000, 0x0000000708000000| Untracked 
|  58|0x0000000708200000, 0x0000000708200000, 0x0000000708400000|  0%| F|  |TAMS 0x0000000708200000, 0x0000000708200000| Untracked 
|  59|0x0000000708400000, 0x0000000708400000, 0x0000000708600000|  0%| F|  |TAMS 0x0000000708400000, 0x0000000708400000| Untracked 
|  60|0x0000000708600000, 0x0000000708600000, 0x0000000708800000|  0%| F|  |TAMS 0x0000000708600000, 0x0000000708600000| Untracked 
|  61|0x0000000708800000, 0x0000000708800000, 0x0000000708a00000|  0%| F|  |TAMS 0x0000000708800000, 0x0000000708800000| Untracked 
|  62|0x0000000708a00000, 0x0000000708a00000, 0x0000000708c00000|  0%| F|  |TAMS 0x0000000708a00000, 0x0000000708a00000| Untracked 
|  63|0x0000000708c00000, 0x0000000708c00000, 0x0000000708e00000|  0%| F|  |TAMS 0x0000000708c00000, 0x0000000708c00000| Untracked 
|  64|0x0000000708e00000, 0x0000000708e00000, 0x0000000709000000|  0%| F|  |TAMS 0x0000000708e00000, 0x0000000708e00000| Untracked 
|  65|0x0000000709000000, 0x0000000709000000, 0x0000000709200000|  0%| F|  |TAMS 0x0000000709000000, 0x0000000709000000| Untracked 
|  66|0x0000000709200000, 0x0000000709200000, 0x0000000709400000|  0%| F|  |TAMS 0x0000000709200000, 0x0000000709200000| Untracked 
|  67|0x0000000709400000, 0x0000000709400000, 0x0000000709600000|  0%| F|  |TAMS 0x0000000709400000, 0x0000000709400000| Untracked 
|  68|0x0000000709600000, 0x0000000709600000, 0x0000000709800000|  0%| F|  |TAMS 0x0000000709600000, 0x0000000709600000| Untracked 
|  69|0x0000000709800000, 0x0000000709800000, 0x0000000709a00000|  0%| F|  |TAMS 0x0000000709800000, 0x0000000709800000| Untracked 
|  70|0x0000000709a00000, 0x0000000709a00000, 0x0000000709c00000|  0%| F|  |TAMS 0x0000000709a00000, 0x0000000709a00000| Untracked 
|  71|0x0000000709c00000, 0x0000000709c00000, 0x0000000709e00000|  0%| F|  |TAMS 0x0000000709c00000, 0x0000000709c00000| Untracked 
|  72|0x0000000709e00000, 0x0000000709e00000, 0x000000070a000000|  0%| F|  |TAMS 0x0000000709e00000, 0x0000000709e00000| Untracked 
|  73|0x000000070a000000, 0x000000070a000000, 0x000000070a200000|  0%| F|  |TAMS 0x000000070a000000, 0x000000070a000000| Untracked 
|  74|0x000000070a200000, 0x000000070a200000, 0x000000070a400000|  0%| F|  |TAMS 0x000000070a200000, 0x000000070a200000| Untracked 
|  75|0x000000070a400000, 0x000000070a400000, 0x000000070a600000|  0%| F|  |TAMS 0x000000070a400000, 0x000000070a400000| Untracked 
|  76|0x000000070a600000, 0x000000070a600000, 0x000000070a800000|  0%| F|  |TAMS 0x000000070a600000, 0x000000070a600000| Untracked 
|  77|0x000000070a800000, 0x000000070a800000, 0x000000070aa00000|  0%| F|  |TAMS 0x000000070a800000, 0x000000070a800000| Untracked 
|  78|0x000000070aa00000, 0x000000070aa00000, 0x000000070ac00000|  0%| F|  |TAMS 0x000000070aa00000, 0x000000070aa00000| Untracked 
|  79|0x000000070ac00000, 0x000000070ac00000, 0x000000070ae00000|  0%| F|  |TAMS 0x000000070ac00000, 0x000000070ac00000| Untracked 
|  80|0x000000070ae00000, 0x000000070ae00000, 0x000000070b000000|  0%| F|  |TAMS 0x000000070ae00000, 0x000000070ae00000| Untracked 
|  81|0x000000070b000000, 0x000000070b000000, 0x000000070b200000|  0%| F|  |TAMS 0x000000070b000000, 0x000000070b000000| Untracked 
|  82|0x000000070b200000, 0x000000070b200000, 0x000000070b400000|  0%| F|  |TAMS 0x000000070b200000, 0x000000070b200000| Untracked 
|  83|0x000000070b400000, 0x000000070b400000, 0x000000070b600000|  0%| F|  |TAMS 0x000000070b400000, 0x000000070b400000| Untracked 
|  84|0x000000070b600000, 0x000000070b600000, 0x000000070b800000|  0%| F|  |TAMS 0x000000070b600000, 0x000000070b600000| Untracked 
|  85|0x000000070b800000, 0x000000070b800000, 0x000000070ba00000|  0%| F|  |TAMS 0x000000070b800000, 0x000000070b800000| Untracked 
|  86|0x000000070ba00000, 0x000000070ba00000, 0x000000070bc00000|  0%| F|  |TAMS 0x000000070ba00000, 0x000000070ba00000| Untracked 
|  87|0x000000070bc00000, 0x000000070bc00000, 0x000000070be00000|  0%| F|  |TAMS 0x000000070bc00000, 0x000000070bc00000| Untracked 
|  88|0x000000070be00000, 0x000000070be00000, 0x000000070c000000|  0%| F|  |TAMS 0x000000070be00000, 0x000000070be00000| Untracked 
|  89|0x000000070c000000, 0x000000070c000000, 0x000000070c200000|  0%| F|  |TAMS 0x000000070c000000, 0x000000070c000000| Untracked 
|  90|0x000000070c200000, 0x000000070c200000, 0x000000070c400000|  0%| F|  |TAMS 0x000000070c200000, 0x000000070c200000| Untracked 
|  91|0x000000070c400000, 0x000000070c400000, 0x000000070c600000|  0%| F|  |TAMS 0x000000070c400000, 0x000000070c400000| Untracked 
|  92|0x000000070c600000, 0x000000070c600000, 0x000000070c800000|  0%| F|  |TAMS 0x000000070c600000, 0x000000070c600000| Untracked 
|  93|0x000000070c800000, 0x000000070c800000, 0x000000070ca00000|  0%| F|  |TAMS 0x000000070c800000, 0x000000070c800000| Untracked 
|  94|0x000000070ca00000, 0x000000070ca00000, 0x000000070cc00000|  0%| F|  |TAMS 0x000000070ca00000, 0x000000070ca00000| Untracked 
|  95|0x000000070cc00000, 0x000000070cc00000, 0x000000070ce00000|  0%| F|  |TAMS 0x000000070cc00000, 0x000000070cc00000| Untracked 
|  96|0x000000070ce00000, 0x000000070ce00000, 0x000000070d000000|  0%| F|  |TAMS 0x000000070ce00000, 0x000000070ce00000| Untracked 
|  97|0x000000070d000000, 0x000000070d000000, 0x000000070d200000|  0%| F|  |TAMS 0x000000070d000000, 0x000000070d000000| Untracked 
|  98|0x000000070d200000, 0x000000070d200000, 0x000000070d400000|  0%| F|  |TAMS 0x000000070d200000, 0x000000070d200000| Untracked 
|  99|0x000000070d400000, 0x000000070d400000, 0x000000070d600000|  0%| F|  |TAMS 0x000000070d400000, 0x000000070d400000| Untracked 
| 100|0x000000070d600000, 0x000000070d600000, 0x000000070d800000|  0%| F|  |TAMS 0x000000070d600000, 0x000000070d600000| Untracked 
| 101|0x000000070d800000, 0x000000070d800000, 0x000000070da00000|  0%| F|  |TAMS 0x000000070d800000, 0x000000070d800000| Untracked 
| 102|0x000000070da00000, 0x000000070da00000, 0x000000070dc00000|  0%| F|  |TAMS 0x000000070da00000, 0x000000070da00000| Untracked 
| 103|0x000000070dc00000, 0x000000070dc00000, 0x000000070de00000|  0%| F|  |TAMS 0x000000070dc00000, 0x000000070dc00000| Untracked 
| 104|0x000000070de00000, 0x000000070de00000, 0x000000070e000000|  0%| F|  |TAMS 0x000000070de00000, 0x000000070de00000| Untracked 
| 105|0x000000070e000000, 0x000000070e000000, 0x000000070e200000|  0%| F|  |TAMS 0x000000070e000000, 0x000000070e000000| Untracked 
| 106|0x000000070e200000, 0x000000070e200000, 0x000000070e400000|  0%| F|  |TAMS 0x000000070e200000, 0x000000070e200000| Untracked 
| 107|0x000000070e400000, 0x000000070e400000, 0x000000070e600000|  0%| F|  |TAMS 0x000000070e400000, 0x000000070e400000| Untracked 
| 108|0x000000070e600000, 0x000000070e600000, 0x000000070e800000|  0%| F|  |TAMS 0x000000070e600000, 0x000000070e600000| Untracked 
| 109|0x000000070e800000, 0x000000070e800000, 0x000000070ea00000|  0%| F|  |TAMS 0x000000070e800000, 0x000000070e800000| Untracked 
| 110|0x000000070ea00000, 0x000000070ea00000, 0x000000070ec00000|  0%| F|  |TAMS 0x000000070ea00000, 0x000000070ea00000| Untracked 
| 111|0x000000070ec00000, 0x000000070ec00000, 0x000000070ee00000|  0%| F|  |TAMS 0x000000070ec00000, 0x000000070ec00000| Untracked 
| 112|0x000000070ee00000, 0x000000070ee00000, 0x000000070f000000|  0%| F|  |TAMS 0x000000070ee00000, 0x000000070ee00000| Untracked 
| 113|0x000000070f000000, 0x000000070f000000, 0x000000070f200000|  0%| F|  |TAMS 0x000000070f000000, 0x000000070f000000| Untracked 
| 114|0x000000070f200000, 0x000000070f200000, 0x000000070f400000|  0%| F|  |TAMS 0x000000070f200000, 0x000000070f200000| Untracked 
| 115|0x000000070f400000, 0x000000070f400000, 0x000000070f600000|  0%| F|  |TAMS 0x000000070f400000, 0x000000070f400000| Untracked 
| 116|0x000000070f600000, 0x000000070f600000, 0x000000070f800000|  0%| F|  |TAMS 0x000000070f600000, 0x000000070f600000| Untracked 
| 117|0x000000070f800000, 0x000000070f800000, 0x000000070fa00000|  0%| F|  |TAMS 0x000000070f800000, 0x000000070f800000| Untracked 
| 118|0x000000070fa00000, 0x000000070fa00000, 0x000000070fc00000|  0%| F|  |TAMS 0x000000070fa00000, 0x000000070fa00000| Untracked 
| 119|0x000000070fc00000, 0x000000070fc00000, 0x000000070fe00000|  0%| F|  |TAMS 0x000000070fc00000, 0x000000070fc00000| Untracked 
| 120|0x000000070fe00000, 0x000000070fe00000, 0x0000000710000000|  0%| F|  |TAMS 0x000000070fe00000, 0x000000070fe00000| Untracked 
| 121|0x0000000710000000, 0x0000000710000000, 0x0000000710200000|  0%| F|  |TAMS 0x0000000710000000, 0x0000000710000000| Untracked 
| 122|0x0000000710200000, 0x0000000710200000, 0x0000000710400000|  0%| F|  |TAMS 0x0000000710200000, 0x0000000710200000| Untracked 
| 123|0x0000000710400000, 0x0000000710400000, 0x0000000710600000|  0%| F|  |TAMS 0x0000000710400000, 0x0000000710400000| Untracked 
| 124|0x0000000710600000, 0x0000000710600000, 0x0000000710800000|  0%| F|  |TAMS 0x0000000710600000, 0x0000000710600000| Untracked 
| 125|0x0000000710800000, 0x0000000710866f70, 0x0000000710a00000| 20%| E|  |TAMS 0x0000000710800000, 0x0000000710800000| Complete 
| 126|0x0000000710a00000, 0x0000000710c00000, 0x0000000710c00000|100%| E|CS|TAMS 0x0000000710a00000, 0x0000000710a00000| Complete 
| 127|0x0000000710c00000, 0x0000000710e00000, 0x0000000710e00000|100%| E|CS|TAMS 0x0000000710c00000, 0x0000000710c00000| Complete 

Card table byte_map: [0x00000290c5f00000,0x00000290c6700000] _byte_map_base: 0x00000290c26f9000

Marking Bits (Prev, Next): (CMBitMap*) 0x00000290b0d1b700, (CMBitMap*) 0x00000290b0d1b740
 Prev Bits: [0x00000290c6f00000, 0x00000290caec8000)
 Next Bits: [0x00000290caed0000, 0x00000290cee98000)

Polling page: 0x00000290b5e90000

Metaspace:

Usage:
  Non-class:      8.03 MB capacity,     8.02 MB (>99%) used,     8.87 KB ( <1%) free+waste,     5.12 KB ( <1%) overhead. 
      Class:    816.00 KB capacity,   778.93 KB ( 95%) used,    35.51 KB (  4%) free+waste,     1.56 KB ( <1%) overhead. 
       Both:      8.83 MB capacity,     8.78 MB (>99%) used,    44.38 KB ( <1%) free+waste,     6.69 KB ( <1%) overhead. 

Virtual space:
  Non-class space:       10.00 MB reserved,       8.25 MB ( 82%) committed 
      Class space:        1.00 GB reserved,     896.00 KB ( <1%) committed 
             Both:        1.01 GB reserved,       9.12 MB ( <1%) committed 

Chunk freelists:
   Non-Class:  32.00 KB
       Class:  16.00 KB
        Both:  48.00 KB

MaxMetaspaceSize: 17179869184.00 GB
CompressedClassSpaceSize: 1.00 GB

CodeHeap 'non-profiled nmethods': size=120000Kb used=87Kb max_used=87Kb free=119913Kb
 bounds [0x00000290bd980000, 0x00000290bdbf0000, 0x00000290c4eb0000]
CodeHeap 'profiled nmethods': size=120000Kb used=394Kb max_used=394Kb free=119605Kb
 bounds [0x00000290b6450000, 0x00000290b66c0000, 0x00000290bd980000]
CodeHeap 'non-nmethods': size=5760Kb used=1230Kb max_used=1235Kb free=4529Kb
 bounds [0x00000290b5eb0000, 0x00000290b6120000, 0x00000290b6450000]
 total_blobs=699 nmethods=305 adapters=307
 compilation: enabled
              stopped_count=0, restarted_count=0
 full_count=0

Compilation events (20 events):
Event: 3.276 Thread 0x00000290d20383e0 nmethod 278 0x00000290bd994110 code [0x00000290bd994280, 0x00000290bd9942f8]
Event: 3.276 Thread 0x00000290d20a2af0  282       3       java.math.BigInteger::<init> (404 bytes)
Event: 3.276 Thread 0x00000290d20383e0  284       4       java.lang.Character::digit (6 bytes)
Event: 3.277 Thread 0x00000290d20383e0 nmethod 284 0x00000290bd994410 code [0x00000290bd9945a0, 0x00000290bd9946d8]
Event: 3.277 Thread 0x00000290d20383e0  285       4       java.math.BigInteger::destructiveMulAdd (150 bytes)
Event: 3.278 Thread 0x00000290d20a2af0 nmethod 282 0x00000290b64a8210 code [0x00000290b64a8720, 0x00000290b64aaa48]
Event: 3.278 Thread 0x00000290d20a2af0  283       3       java.math.BigInteger::getInt (63 bytes)
Event: 3.278 Thread 0x00000290d20a2af0 nmethod 283 0x00000290b64abc90 code [0x00000290b64abe60, 0x00000290b64ac208]
Event: 3.281 Thread 0x00000290d20383e0 nmethod 285 0x00000290bd994810 code [0x00000290bd9949a0, 0x00000290bd994d18]
Event: 3.530 Thread 0x00000290d20a2af0  286       3       sun.security.util.CurveDB::bi (11 bytes)
Event: 3.530 Thread 0x00000290d20a2af0 nmethod 286 0x00000290b64ac310 code [0x00000290b64ac4c0, 0x00000290b64ac688]
Event: 3.530 Thread 0x00000290d20a2af0  287  s    3       java.io.ByteArrayOutputStream::write (32 bytes)
Event: 3.530 Thread 0x00000290d20a2af0 nmethod 287 0x00000290b64ac790 code [0x00000290b64ac940, 0x00000290b64acb68]
Event: 3.530 Thread 0x00000290d20383e0  288       4       java.lang.Integer::parseInt (264 bytes)
Event: 3.530 Thread 0x00000290d20a2af0  289       1       java.math.BigInteger::signum (5 bytes)
Event: 3.531 Thread 0x00000290d20a2af0 nmethod 289 0x00000290bd994f10 code [0x00000290bd9950a0, 0x00000290bd995158]
Event: 3.531 Thread 0x00000290d20a2af0  290       3       java.lang.StringLatin1::toLowerCase (186 bytes)
Event: 3.531 Thread 0x00000290d20a2af0 nmethod 290 0x00000290b64acc90 code [0x00000290b64acf00, 0x00000290b64ada38]
Event: 3.532 Thread 0x00000290d20a2af0  291       3       java.util.AbstractList::<init> (10 bytes)
Event: 3.532 Thread 0x00000290d20a2af0 nmethod 291 0x00000290b64adf10 code [0x00000290b64ae0c0, 0x00000290b64ae278]

GC Heap History (0 events):
No events

Deoptimization events (12 events):
Event: 2.226 Thread 0x00000290b0cc9ba0 Uncommon trap: trap_request=0xffffff45 fr.pc=0x00000290bd9899ec relative=0x000000000000024c
Event: 2.226 Thread 0x00000290b0cc9ba0 Uncommon trap: reason=unstable_if action=reinterpret pc=0x00000290bd9899ec method=java.lang.String.hashCode()I @ 20 c2
Event: 2.226 Thread 0x00000290b0cc9ba0 DEOPT PACKING pc=0x00000290bd9899ec sp=0x000000d4b27fe510
Event: 2.226 Thread 0x00000290b0cc9ba0 DEOPT UNPACKING pc=0x00000290b5efe42f sp=0x000000d4b27fe4a0 mode 2
Event: 3.228 Thread 0x00000290b0cc9ba0 Uncommon trap: trap_request=0xffffffde fr.pc=0x00000290bd98d444 relative=0x0000000000000a64
Event: 3.228 Thread 0x00000290b0cc9ba0 Uncommon trap: reason=class_check action=maybe_recompile pc=0x00000290bd98d444 method=java.util.HashMap.putVal(ILjava/lang/Object;Ljava/lang/Object;ZZ)Ljava/lang/Object; @ 152 c2
Event: 3.228 Thread 0x00000290b0cc9ba0 DEOPT PACKING pc=0x00000290bd98d444 sp=0x000000d4b27fdfd0
Event: 3.228 Thread 0x00000290b0cc9ba0 DEOPT UNPACKING pc=0x00000290b5efe42f sp=0x000000d4b27fdf60 mode 2
Event: 3.246 Thread 0x00000290b0cc9ba0 Uncommon trap: trap_request=0xffffff45 fr.pc=0x00000290bd98d57c relative=0x0000000000000b9c
Event: 3.246 Thread 0x00000290b0cc9ba0 Uncommon trap: reason=unstable_if action=reinterpret pc=0x00000290bd98d57c method=java.util.HashMap.putVal(ILjava/lang/Object;Ljava/lang/Object;ZZ)Ljava/lang/Object; @ 181 c2
Event: 3.246 Thread 0x00000290b0cc9ba0 DEOPT PACKING pc=0x00000290bd98d57c sp=0x000000d4b27fdde0
Event: 3.246 Thread 0x00000290b0cc9ba0 DEOPT UNPACKING pc=0x00000290b5efe42f sp=0x000000d4b27fdd90 mode 2

Classes unloaded (0 events):
No events

Classes redefined (0 events):
No events

Internal exceptions (2 events):
Event: 3.241 Thread 0x00000290b0cc9ba0 Exception <a 'java/lang/NoSuchMethodError'{0x0000000710a4cfb0}: 'void java.lang.invoke.DirectMethodHandle$Holder.invokeStatic(java.lang.Object, java.lang.Object)'> (0x0000000710a4cfb0) 
thrown [./open/src/hotspot/share/interpreter/linkResolver.cpp, line 782]
Event: 3.243 Thread 0x00000290b0cc9ba0 Exception <a 'java/lang/NoSuchMethodError'{0x0000000710a50c58}: 'void java.lang.invoke.DirectMethodHandle$Holder.invokeStaticInit(java.lang.Object, java.lang.Object)'> (0x0000000710a50c58) 
thrown [./open/src/hotspot/share/interpreter/linkResolver.cpp, line 782]

Events (20 events):
Event: 3.274 loading class java/security/spec/EllipticCurve
Event: 3.274 loading class java/security/spec/EllipticCurve done
Event: 3.274 loading class java/security/spec/ECPoint
Event: 3.274 loading class java/security/spec/ECPoint done
Event: 3.274 loading class sun/security/util/NamedCurve
Event: 3.274 loading class java/security/spec/ECParameterSpec
Event: 3.274 loading class java/security/spec/ECParameterSpec done
Event: 3.274 loading class sun/security/util/NamedCurve done
Event: 3.275 loading class java/security/spec/ECFieldF2m
Event: 3.275 loading class java/security/spec/ECFieldF2m done
Event: 3.531 loading class java/util/LinkedHashMap$LinkedValues
Event: 3.531 loading class java/util/LinkedHashMap$LinkedValues done
Event: 3.532 loading class java/util/StringTokenizer
Event: 3.532 loading class java/util/StringTokenizer done
Event: 3.532 loading class sun/security/util/DisabledAlgorithmConstraints$KeySizeConstraint
Event: 3.532 loading class sun/security/util/DisabledAlgorithmConstraints$KeySizeConstraint done
Event: 3.532 loading class sun/security/util/DisabledAlgorithmConstraints$Constraint$Operator
Event: 3.532 loading class sun/security/util/DisabledAlgorithmConstraints$Constraint$Operator done
Event: 3.532 loading class sun/security/util/DisabledAlgorithmConstraints$1
Event: 3.532 loading class sun/security/util/DisabledAlgorithmConstraints$1 done


Dynamic libraries:
0x00007ff6add90000 - 0x00007ff6add9d000 	C:\Users\웱\Desktop\첔좣 첇콜쟙쫔\eclipse\plugins\org.eclipse.justj.openjdk.hotspot.jre.full.win32.x86_64_15.0.2.v20210201-0955\jre\bin\javaw.exe
0x00007ffecf310000 - 0x00007ffecf505000 	C:\WINDOWS\SYSTEM32\ntdll.dll
0x00007ffea7970000 - 0x00007ffea7983000 	C:\Program Files\AVG\Antivirus\aswhook.dll
0x00007ffece1d0000 - 0x00007ffece28d000 	C:\WINDOWS\System32\KERNEL32.DLL
0x00007ffeccd30000 - 0x00007ffeccff9000 	C:\WINDOWS\System32\KERNELBASE.dll
0x00007ffecd0d0000 - 0x00007ffecd1d0000 	C:\WINDOWS\System32\ucrtbase.dll
0x00007ffec2640000 - 0x00007ffec2658000 	C:\Users\웱\Desktop\첔좣 첇콜쟙쫔\eclipse\plugins\org.eclipse.justj.openjdk.hotspot.jre.full.win32.x86_64_15.0.2.v20210201-0955\jre\bin\jli.dll
0x00007ffecdaa0000 - 0x00007ffecdc40000 	C:\WINDOWS\System32\USER32.dll
0x00007ffecd0a0000 - 0x00007ffecd0c2000 	C:\WINDOWS\System32\win32u.dll
0x00007ffecd960000 - 0x00007ffecd98a000 	C:\WINDOWS\System32\GDI32.dll
0x00007ffeccbc0000 - 0x00007ffeccccb000 	C:\WINDOWS\System32\gdi32full.dll
0x00007ffecd000000 - 0x00007ffecd09d000 	C:\WINDOWS\System32\msvcp_win.dll
0x00007ffec2340000 - 0x00007ffec2359000 	C:\Users\웱\Desktop\첔좣 첇콜쟙쫔\eclipse\plugins\org.eclipse.justj.openjdk.hotspot.jre.full.win32.x86_64_15.0.2.v20210201-0955\jre\bin\VCRUNTIME140.dll
0x00007ffeba2e0000 - 0x00007ffeba57a000 	C:\WINDOWS\WinSxS\amd64_microsoft.windows.common-controls_6595b64144ccf1df_6.0.19041.1110_none_60b5254171f9507e\COMCTL32.dll
0x00007ffece6d0000 - 0x00007ffece76e000 	C:\WINDOWS\System32\msvcrt.dll
0x00007ffecda70000 - 0x00007ffecdaa0000 	C:\WINDOWS\System32\IMM32.DLL
0x00007ffec7470000 - 0x00007ffec747c000 	C:\Users\웱\Desktop\첔좣 첇콜쟙쫔\eclipse\plugins\org.eclipse.justj.openjdk.hotspot.jre.full.win32.x86_64_15.0.2.v20210201-0955\jre\bin\vcruntime140_1.dll
0x00007ffea5410000 - 0x00007ffea54a1000 	C:\Users\웱\Desktop\첔좣 첇콜쟙쫔\eclipse\plugins\org.eclipse.justj.openjdk.hotspot.jre.full.win32.x86_64_15.0.2.v20210201-0955\jre\bin\msvcp140.dll
0x00007ffe3cfd0000 - 0x00007ffe3db2e000 	C:\Users\웱\Desktop\첔좣 첇콜쟙쫔\eclipse\plugins\org.eclipse.justj.openjdk.hotspot.jre.full.win32.x86_64_15.0.2.v20210201-0955\jre\bin\server\jvm.dll
0x00007ffece620000 - 0x00007ffece6cc000 	C:\WINDOWS\System32\ADVAPI32.dll
0x00007ffece770000 - 0x00007ffece80b000 	C:\WINDOWS\System32\sechost.dll
0x00007ffecd380000 - 0x00007ffecd4aa000 	C:\WINDOWS\System32\RPCRT4.dll
0x00007ffecd940000 - 0x00007ffecd948000 	C:\WINDOWS\System32\PSAPI.DLL
0x00007ffeb4180000 - 0x00007ffeb4189000 	C:\WINDOWS\SYSTEM32\WSOCK32.dll
0x00007ffece4e0000 - 0x00007ffece54b000 	C:\WINDOWS\System32\WS2_32.dll
0x00007ffec43f0000 - 0x00007ffec4417000 	C:\WINDOWS\SYSTEM32\WINMM.dll
0x00007ffec6da0000 - 0x00007ffec6daa000 	C:\WINDOWS\SYSTEM32\VERSION.dll
0x00007ffeca9a0000 - 0x00007ffeca9b2000 	C:\WINDOWS\SYSTEM32\kernel.appcore.dll
0x00007ffeca2c0000 - 0x00007ffeca2ca000 	C:\Users\웱\Desktop\첔좣 첇콜쟙쫔\eclipse\plugins\org.eclipse.justj.openjdk.hotspot.jre.full.win32.x86_64_15.0.2.v20210201-0955\jre\bin\jimage.dll
0x00007ffec4a00000 - 0x00007ffec4be4000 	C:\WINDOWS\SYSTEM32\DBGHELP.DLL
0x00007ffec4990000 - 0x00007ffec49bc000 	C:\WINDOWS\SYSTEM32\dbgcore.DLL
0x00007ffecca80000 - 0x00007ffeccb03000 	C:\WINDOWS\System32\bcryptPrimitives.dll
0x00007ffeb9740000 - 0x00007ffeb9779000 	C:\Users\웱\Desktop\첔좣 첇콜쟙쫔\eclipse\plugins\org.eclipse.justj.openjdk.hotspot.jre.full.win32.x86_64_15.0.2.v20210201-0955\jre\bin\jdwp.dll
0x00007ffec4550000 - 0x00007ffec455e000 	C:\Users\웱\Desktop\첔좣 첇콜쟙쫔\eclipse\plugins\org.eclipse.justj.openjdk.hotspot.jre.full.win32.x86_64_15.0.2.v20210201-0955\jre\bin\instrument.dll
0x00007ffec32b0000 - 0x00007ffec32d5000 	C:\Users\웱\Desktop\첔좣 첇콜쟙쫔\eclipse\plugins\org.eclipse.justj.openjdk.hotspot.jre.full.win32.x86_64_15.0.2.v20210201-0955\jre\bin\java.dll
0x00007ffec7430000 - 0x00007ffec7448000 	C:\Users\웱\Desktop\첔좣 첇콜쟙쫔\eclipse\plugins\org.eclipse.justj.openjdk.hotspot.jre.full.win32.x86_64_15.0.2.v20210201-0955\jre\bin\zip.dll
0x00007ffece9e0000 - 0x00007ffecf11f000 	C:\WINDOWS\System32\SHELL32.dll
0x00007ffecaba0000 - 0x00007ffecb331000 	C:\WINDOWS\SYSTEM32\windows.storage.dll
0x00007ffecd5e0000 - 0x00007ffecd935000 	C:\WINDOWS\System32\combase.dll
0x00007ffecc4c0000 - 0x00007ffecc4ec000 	C:\WINDOWS\SYSTEM32\Wldp.dll
0x00007ffece430000 - 0x00007ffece4de000 	C:\WINDOWS\System32\SHCORE.dll
0x00007ffece110000 - 0x00007ffece165000 	C:\WINDOWS\System32\shlwapi.dll
0x00007ffecc990000 - 0x00007ffecc9af000 	C:\WINDOWS\SYSTEM32\profapi.dll
0x00007ffec32a0000 - 0x00007ffec32ab000 	C:\Users\웱\Desktop\첔좣 첇콜쟙쫔\eclipse\plugins\org.eclipse.justj.openjdk.hotspot.jre.full.win32.x86_64_15.0.2.v20210201-0955\jre\bin\dt_socket.dll
0x00007ffecbec0000 - 0x00007ffecbefb000 	C:\WINDOWS\SYSTEM32\IPHLPAPI.DLL
0x00007ffecc220000 - 0x00007ffecc28a000 	C:\WINDOWS\system32\mswsock.dll
0x00007ffecbf10000 - 0x00007ffecbfdc000 	C:\WINDOWS\SYSTEM32\DNSAPI.dll
0x00007ffecd950000 - 0x00007ffecd958000 	C:\WINDOWS\System32\NSI.dll
0x00007ffec40b0000 - 0x00007ffec40ba000 	C:\Windows\System32\rasadhlp.dll
0x00007ffec3b70000 - 0x00007ffec3bef000 	C:\WINDOWS\System32\fwpuclnt.dll
0x00007ffecca50000 - 0x00007ffecca77000 	C:\WINDOWS\System32\bcrypt.dll
0x00007ffec3c10000 - 0x00007ffec3c29000 	C:\Users\웱\Desktop\첔좣 첇콜쟙쫔\eclipse\plugins\org.eclipse.justj.openjdk.hotspot.jre.full.win32.x86_64_15.0.2.v20210201-0955\jre\bin\net.dll
0x00007ffec45a0000 - 0x00007ffec46aa000 	C:\WINDOWS\SYSTEM32\WINHTTP.dll
0x00007ffec3240000 - 0x00007ffec3252000 	C:\Users\웱\Desktop\첔좣 첇콜쟙쫔\eclipse\plugins\org.eclipse.justj.openjdk.hotspot.jre.full.win32.x86_64_15.0.2.v20210201-0955\jre\bin\nio.dll

dbghelp: loaded successfully - version: 4.0.5 - missing functions: none
symbol engine: initialized successfully - sym options: 0x614 - pdb path: .;C:\Users\웱\Desktop\첔좣 첇콜쟙쫔\eclipse\plugins\org.eclipse.justj.openjdk.hotspot.jre.full.win32.x86_64_15.0.2.v20210201-0955\jre\bin;C:\WINDOWS\SYSTEM32;C:\Program Files\AVG\Antivirus;C:\WINDOWS\WinSxS\amd64_microsoft.windows.common-controls_6595b64144ccf1df_6.0.19041.1110_none_60b5254171f9507e;C:\Users\웱\Desktop\첔좣 첇콜쟙쫔\eclipse\plugins\org.eclipse.justj.openjdk.hotspot.jre.full.win32.x86_64_15.0.2.v20210201-0955\;C:\Users\웱\Desktop\첔좣 첇콜쟙쫔\eclipse\plugins\org.eclipse.justj.openjdk.hotspot.jre.full.win32.x86_64_15.0.2.v2021020;C:\Users\웱\Desktop\첔좣 첇콜쟙쫔\eclipse\plugins\org.eclipse.justj.openjdk.hotspot.jre.full.win32.x86_64_15.0.2.v;C:\Users\웱\Desktop\첔좣 첇콜쟙쫔\eclipse\plugins\org.eclipse.justj.openjdk.hotspot.jre.full.win32.x86_64_1;C:\Users\웱\Desktop\첔좣 첇콜쟙쫔\eclipse\plugins\org.eclipse.justj.openjdk.hotspot.jre.full.win32.x;C:\Users\웱\Desktop\첔좣 첇콜쟙쫔\eclipse\plugins\org.eclipse.justj.openjdk.hotspot.jre.full.

VM Arguments:
jvm_args: -XX:+ShowCodeDetailsInExceptionMessages -agentlib:jdwp=transport=dt_socket,suspend=y,address=localhost:2676 -javaagent:C:\Users\웱\Desktop\첔좣 첇콜쟙쫔\eclipse\configuration\org.eclipse.osgi\222\0\.cp\lib\javaagent-shaded.jar -Dfile.encoding=MS949 
java_command: Quiz1.Main
java_class_path (initial): C:\Users\웱\eclipse-workspace\愾疸慨 컽쵍 7.31\bin
Launcher Type: SUN_STANDARD

[Global flags]
     intx CICompilerCount                          = 3                                         {product} {ergonomic}
     uint ConcGCThreads                            = 2                                         {product} {ergonomic}
     uint G1ConcRefinementThreads                  = 6                                         {product} {ergonomic}
   size_t G1HeapRegionSize                         = 2097152                                   {product} {ergonomic}
    uintx GCDrainStackTargetSize                   = 64                                        {product} {ergonomic}
   size_t InitialHeapSize                          = 268435456                                 {product} {ergonomic}
   size_t MarkStackSize                            = 4194304                                   {product} {ergonomic}
   size_t MaxHeapSize                              = 4280287232                                {product} {ergonomic}
   size_t MaxNewSize                               = 2566914048                                {product} {ergonomic}
   size_t MinHeapDeltaBytes                        = 2097152                                   {product} {ergonomic}
   size_t MinHeapSize                              = 8388608                                   {product} {ergonomic}
    uintx NonNMethodCodeHeapSize                   = 5832780                                {pd product} {ergonomic}
    uintx NonProfiledCodeHeapSize                  = 122912730                              {pd product} {ergonomic}
    uintx ProfiledCodeHeapSize                     = 122912730                              {pd product} {ergonomic}
    uintx ReservedCodeCacheSize                    = 251658240                              {pd product} {ergonomic}
     bool SegmentedCodeCache                       = true                                      {product} {ergonomic}
     bool ShowCodeDetailsInExceptionMessages       = true                                   {manageable} {command line}
   size_t SoftMaxHeapSize                          = 4280287232                             {manageable} {ergonomic}
     bool UseCompressedClassPointers               = true                                 {lp64_product} {ergonomic}
     bool UseCompressedOops                        = true                                 {lp64_product} {ergonomic}
     bool UseG1GC                                  = true                                      {product} {ergonomic}
     bool UseLargePagesIndividualAllocation        = false                                  {pd product} {ergonomic}

Logging:
Log output configuration:
 #0: stdout all=warning uptime,level,tags
 #1: stderr all=off uptime,level,tags

Environment Variables:
PATH=C:\Users\웱\Desktop\첔좣 첇콜쟙쫔\eclipse\plugins\org.eclipse.justj.openjdk.hotspot.jre.full.win32.x86_64_15.0.2.v20210201-0955\jre\bin;C:/Users/웱/Desktop/첔좣 첇콜쟙쫔/eclipse//plugins/org.eclipse.justj.openjdk.hotspot.jre.full.win32.x86_64_15.0.2.v20210201-0955/jre/bin/server;C:/Users/웱/Desktop/첔좣 첇콜쟙쫔/eclipse//plugins/org.eclipse.justj.openjdk.hotspot.jre.full.win32.x86_64_15.0.2.v20210201-0955/jre/bin;C:\Program Files (x86)\Common Files\Oracle\Java\javapath;C:\Windows\system32;C:\Windows;C:\Windows\System32\Wbem;C:\Windows\System32\WindowsPowerShell\v1.0\;C:\Windows\System32\OpenSSH\;C:\Program Files\NVIDIA Corporation\NVIDIA NvDLISR;C:\Program Files (x86)\NVIDIA Corporation\PhysX\Common;C:\WINDOWS\system32;C:\WINDOWS;C:\WINDOWS\System32\Wbem;C:\WINDOWS\System32\WindowsPowerShell\v1.0\;C:\WINDOWS\System32\OpenSSH\;C:\Program Files\Common Files\Teruten\DSFilter;D:\Git\cmd;C:\Users\웱\AppData\Local\Microsoft\WindowsApps;C:\Program Files\Bandizip\;C:\Users\웱\Desktop\Microsoft VS Code\bin;C:\Program Files (x86)\ESTsoft\ALSee\x64;C:\Users\웱\Desktop\첔좣 첇콜쟙쫔\eclipse;
USERNAME=웱
OS=Windows_NT
PROCESSOR_IDENTIFIER=Intel64 Family 6 Model 158 Stepping 10, GenuineIntel



---------------  S Y S T E M  ---------------

OS:
 Windows 10 , 64 bit Build 19041 (10.0.19041.1023)
OS uptime: 7 days 7:32 hours

CPU: total 6 (initial active 6) (6 cores per cpu, 1 threads per core) family 6 model 158 stepping 10 microcode 0xde, cmov, cx8, fxsr, mmx, sse, sse2, sse3, ssse3, sse4.1, sse4.2, popcnt, vzeroupper, avx, avx2, aes, clmul, erms, rtm, 3dnowpref, lzcnt, tsc, tscinvbit, bmi1, bmi2, adx, fma, clflush, clflushopt

Memory: 4k page, system-wide physical 16323M (3469M free)
TotalPageFile size 54895M (AvailPageFile size 325M)
current process WorkingSet (physical memory assigned to process): 45M, peak: 45M
current process commit charge ("private bytes"): 340M, peak: 340M

vm_info: OpenJDK 64-Bit Server VM (15.0.2+7-27) for windows-amd64 JRE (15.0.2+7-27), built on Dec  7 2020 20:02:38 by "mach5one" with unknown MS VC++:1925

END.
